Application Internal Error - C:\HAL\DISSENY\REPORT\PRUEBA.EXE
Terminated at: 2009.01.14 10:59:06
Unrecoverable error 9003: Too many recursive error handler calls
Called from STR(0)
Called from TC5REPORT:PAINT(1506)
Called from (b)TC5REPORT(97) in .\FONTS\C5REPORT.PRG
Called from TC5REPORT:DISPLAY(0)
Called from TCONTROL:HANDLEEVENT(1424)
Called from TC5REPORT:HANDLEEVENT(770)
Called from _FWH(3332) in .\source\classes\WINDOW.PRG
Called from SYSREFRESH(0)
Called from TDIALOG:END(530)
Called from (b)ERRORDIALOG(326) in .\source\function\ERRSYSW.PRG
Called from TBUTTON:CLICK(177)
Called from TBUTTON:HANDLEEVENT(1412)
Called from _FWH(3332) in .\source\classes\WINDOW.PRG
Called from SENDMESSAGE(0)
Called from TDIALOG:COMMAND(407)
Called from TWINDOW:HANDLEEVENT(0)
Called from TDIALOG:HANDLEEVENT(922)
Called from DIALOGBOXINDIRECT(0)
Called from TDIALOG:ACTIVATE(273)
Called from ERRORDIALOG(343) in .\source\function\ERRSYSW.PRG
Called from (b)ERRORSYS(27) in .\source\function\ERRSYSW.PRG
Called from STR(0)
Called from TC5REPORT:PAINT(1506)
Called from (b)TC5REPORT(97) in .\FONTS\C5REPORT.PRG
Called from TC5REPORT:DISPLAY(0)
Called from TCONTROL:HANDLEEVENT(1424)
Called from TC5REPORT:HANDLEEVENT(770)
Called from _FWH(3332) in .\source\classes\WINDOW.PRG
Called from DIALOGBOXINDIRECT(0)
Called from TDIALOG:ACTIVATE(273)
Called from ERRORDIALOG(343) in .\source\function\ERRSYSW.PRG
Called from (b)ERRORSYS(27) in .\source\function\ERRSYSW.PRG
Called from STR(0)
Called from TC5REPORT:PAINT(1506)
Called from (b)TC5REPORT(97) in .\FONTS\C5REPORT.PRG
Called from TC5REPORT:DISPLAY(0)
Called from TCONTROL:HANDLEEVENT(1424)
Called from TC5REPORT:HANDLEEVENT(770)
Called from _FWH(3332) in .\source\classes\WINDOW.PRG
Called from SYSREFRESH(0)
Called from TDIALOG:END(530)
Called from (b)ERRORDIALOG(326) in .\source\function\ERRSYSW.PRG
Called from TBUTTON:CLICK(177)
Called from TBUTTON:HANDLEEVENT(1412)
Called from _FWH(3332) in .\source\classes\WINDOW.PRG
Called from SENDMESSAGE(0)
Called from TDIALOG:COMMAND(407)
Called from TWINDOW:HANDLEEVENT(0)
Called from TDIALOG:HANDLEEVENT(922)
Called from DIALOGBOXINDIRECT(0)
Called from TDIALOG:ACTIVATE(273)
Called from ERRORDIALOG(343) in .\source\function\ERRSYSW.PRG
Called from (b)ERRORSYS(27) in .\source\function\ERRSYSW.PRG
Called from STR(0)
Called from TC5REPORT:PAINT(1506)
Called from (b)TC5REPORT(97) in .\FONTS\C5REPORT.PRG
Called from TC5REPORT:DISPLAY(0)
Called from TCONTROL:HANDLEEVENT(1424)
Called from TC5REPORT:HANDLEEVENT(770)
Called from _FWH(3332) in .\source\classes\WINDOW.PRG
Called from SYSREFRESH(0)
Called from TDIALOG:END(530)
Called from (b)ERRORDIALOG(326) in .\source\function\ERRSYSW.PRG
Called from TBUTTON:CLICK(177)
Called from TBUTTON:HANDLEEVENT(1412)
Called from _FWH(3332) in .\source\classes\WINDOW.PRG
Called from SENDMESSAGE(0)
Called from TDIALOG:COMMAND(407)
Called from TWINDOW:HANDLEEVENT(0)
Called from TDIALOG:HANDLEEVENT(922)
Called from DIALOGBOXINDIRECT(0)
Called from TDIALOG:ACTIVATE(273)
Called from ERRORDIALOG(343) in .\source\function\ERRSYSW.PRG
Called from (b)ERRORSYS(27) in .\source\function\ERRSYSW.PRG
Called from STR(0)
Called from TC5REPORT:PAINT(1506)
Called from (b)TC5REPORT(97) in .\FONTS\C5REPORT.PRG
Called from TC5REPORT:DISPLAY(0)
Called from TCONTROL:HANDLEEVENT(1424)
Called from TC5REPORT:HANDLEEVENT(770)
Called from _FWH(3332) in .\source\classes\WINDOW.PRG
Called from SYSREFRESH(0)
Called from TDIALOG:END(530)
Called from (b)ERRORDIALOG(326) in .\source\function\ERRSYSW.PRG
Called from TBUTTON:CLICK(177)
Called from TBUTTON:HANDLEEVENT(1412)
Called from _FWH(3332) in .\source\classes\WINDOW.PRG
Called from SENDMESSAGE(0)
Called from TDIALOG:COMMAND(407)
Called from TWINDOW:HANDLEEVENT(0)
Called from TDIALOG:HANDLEEVENT(922)
Called from DIALOGBOXINDIRECT(0)
Called from TDIALOG:ACTIVATE(273)
Called from ERRORDIALOG(343) in .\source\function\ERRSYSW.PRG
Called from (b)ERRORSYS(27) in .\source\function\ERRSYSW.PRG
Called from STR(0)
Called from TC5REPORT:PAINT(1506)
Called from (b)TC5REPORT(97) in .\FONTS\C5REPORT.PRG
Called from TC5REPORT:DISPLAY(0)
Called from TCONTROL:HANDLEEVENT(1424)
Called from TC5REPORT:HANDLEEVENT(770)
Called from _FWH(3332) in .\source\classes\WINDOW.PRG
Called from SYSREFRESH(0)
Called from TDIALOG:END(530)
Called from (b)ERRORDIALOG(326) in .\source\function\ERRSYSW.PRG
Called from TBUTTON:CLICK(177)
Called from TBUTTON:HANDLEEVENT(1412)
Called from _FWH(3332) in .\source\classes\WINDOW.PRG
Called from SENDMESSAGE(0)
Called from TDIALOG:COMMAND(407)
Called from TWINDOW:HANDLEEVENT(0)
Called from TDIALOG:HANDLEEVENT(922)
Called from DIALOGBOXINDIRECT(0)
Called from TDIALOG:ACTIVATE(273)
Called from ERRORDIALOG(343) in .\source\function\ERRSYSW.PRG
Called from (b)ERRORSYS(27) in .\source\function\ERRSYSW.PRG
Called from STR(0)
Called from TC5REPORT:PAINT(1506)
Called from (b)TC5REPORT(97) in .\FONTS\C5REPORT.PRG
Called from TC5REPORT:DISPLAY(0)
Called from TCONTROL:HANDLEEVENT(1424)
Called from TC5REPORT:HANDLEEVENT(770)
Called from _FWH(3332) in .\source\classes\WINDOW.PRG
Called from SYSREFRESH(0)
Called from TDIALOG:END(530)
Called from (b)ERRORDIALOG(326) in .\source\function\ERRSYSW.PRG
Called from TBUTTON:CLICK(177)
Called from TBUTTON:HANDLEEVENT(1412)
Called from _FWH(3332) in .\source\classes\WINDOW.PRG
Called from SENDMESSAGE(0)
Called from TDIALOG:COMMAND(407)
Called from TWINDOW:HANDLEEVENT(0)
Called from TDIALOG:HANDLEEVENT(922)
Called from DIALOGBOXINDIRECT(0)
Called from TDIALOG:ACTIVATE(273)
Called from ERRORDIALOG(343) in .\source\function\ERRSYSW.PRG
Called from (b)ERRORSYS(27) in .\source\function\ERRSYSW.PRG
Called from STR(0)
Called from TC5REPORT:PAINT(1506)
Called from (b)TC5REPORT(97) in .\FONTS\C5REPORT.PRG
Called from TC5REPORT:DISPLAY(0)
Called from TCONTROL:HANDLEEVENT(1424)
Called from TC5REPORT:HANDLEEVENT(770)
Called from _FWH(3332) in .\source\classes\WINDOW.PRG
Called from DIALOGBOXINDIRECT(0)
Called from TDIALOG:ACTIVATE(273)
Called from ERRORDIALOG(343) in .\source\function\ERRSYSW.PRG
Called from (b)ERRORSYS(27) in .\source\function\ERRSYSW.PRG
Called from STR(0)
Called from TC5REPORT:PAINT(1506)
Called from (b)TC5REPORT(97) in .\FONTS\C5REPORT.PRG
Called from TC5REPORT:DISPLAY(0)
Called from TCONTROL:HANDLEEVENT(1424)
Called from TC5REPORT:HANDLEEVENT(770)
Called from _FWH(3332) in .\source\classes\WINDOW.PRG
Called from UPDATEWINDOW(0)
Called from TWINDOW:ACTIVATE(936)
Called from MAIN(235) in .\FONTS\PRUEBA.PRG
------------------------------------------------------------------------
Application Internal Error - C:\HAL\DISSENY\REPORT\PRUEBA.EXE
Terminated at: 2009.01.14 11:55:12
Unrecoverable error 9003: Too many recursive error handler calls
Called from AGUIAS(0)
Called from TC5REPORT:PAINT(1553)
Called from (b)TC5REPORT(97) in .\FONTS\C5REPORT.PRG
Called from TC5REPORT:DISPLAY(0)
Called from TCONTROL:HANDLEEVENT(1424)
Called from TC5REPORT:HANDLEEVENT(781)
Called from _FWH(3332) in .\source\classes\WINDOW.PRG
Called from DIALOGBOXINDIRECT(0)
Called from TDIALOG:ACTIVATE(273)
Called from ERRORDIALOG(343) in .\source\function\ERRSYSW.PRG
Called from (b)ERRORSYS(27) in .\source\function\ERRSYSW.PRG
Called from AGUIAS(0)
Called from TC5REPORT:PAINT(1553)
Called from (b)TC5REPORT(97) in .\FONTS\C5REPORT.PRG
Called from TC5REPORT:DISPLAY(0)
Called from TCONTROL:HANDLEEVENT(1424)
Called from TC5REPORT:HANDLEEVENT(781)
Called from _FWH(3332) in .\source\classes\WINDOW.PRG
Called from SYSREFRESH(0)
Called from TDIALOG:END(530)
Called from (b)ERRORDIALOG(326) in .\source\function\ERRSYSW.PRG
Called from TBUTTON:CLICK(177)
Called from TBUTTON:HANDLEEVENT(1412)
Called from _FWH(3332) in .\source\classes\WINDOW.PRG
Called from SENDMESSAGE(0)
Called from TDIALOG:COMMAND(407)
Called from TWINDOW:HANDLEEVENT(0)
Called from TDIALOG:HANDLEEVENT(922)
Called from DIALOGBOXINDIRECT(0)
Called from TDIALOG:ACTIVATE(273)
Called from ERRORDIALOG(343) in .\source\function\ERRSYSW.PRG
Called from (b)ERRORSYS(27) in .\source\function\ERRSYSW.PRG
Called from AGUIAS(0)
Called from TC5REPORT:PAINT(1553)
Called from (b)TC5REPORT(97) in .\FONTS\C5REPORT.PRG
Called from TC5REPORT:DISPLAY(0)
Called from TCONTROL:HANDLEEVENT(1424)
Called from TC5REPORT:HANDLEEVENT(781)
Called from _FWH(3332) in .\source\classes\WINDOW.PRG
Called from SYSREFRESH(0)
Called from TDIALOG:END(530)
Called from (b)ERRORDIALOG(326) in .\source\function\ERRSYSW.PRG
Called from TBUTTON:CLICK(177)
Called from TBUTTON:HANDLEEVENT(1412)
Called from _FWH(3332) in .\source\classes\WINDOW.PRG
Called from SENDMESSAGE(0)
Called from TDIALOG:COMMAND(407)
Called from TWINDOW:HANDLEEVENT(0)
Called from TDIALOG:HANDLEEVENT(922)
Called from DIALOGBOXINDIRECT(0)
Called from TDIALOG:ACTIVATE(273)
Called from ERRORDIALOG(343) in .\source\function\ERRSYSW.PRG
Called from (b)ERRORSYS(27) in .\source\function\ERRSYSW.PRG
Called from AGUIAS(0)
Called from TC5REPORT:PAINT(1553)
Called from (b)TC5REPORT(97) in .\FONTS\C5REPORT.PRG
Called from TC5REPORT:DISPLAY(0)
Called from TCONTROL:HANDLEEVENT(1424)
Called from TC5REPORT:HANDLEEVENT(781)
Called from _FWH(3332) in .\source\classes\WINDOW.PRG
Called from SYSREFRESH(0)
Called from TDIALOG:END(530)
Called from (b)ERRORDIALOG(326) in .\source\function\ERRSYSW.PRG
Called from TBUTTON:CLICK(177)
Called from TBUTTON:HANDLEEVENT(1412)
Called from _FWH(3332) in .\source\classes\WINDOW.PRG
Called from SENDMESSAGE(0)
Called from TDIALOG:COMMAND(407)
Called from TWINDOW:HANDLEEVENT(0)
Called from TDIALOG:HANDLEEVENT(922)
Called from DIALOGBOXINDIRECT(0)
Called from TDIALOG:ACTIVATE(273)
Called from ERRORDIALOG(343) in .\source\function\ERRSYSW.PRG
Called from (b)ERRORSYS(27) in .\source\function\ERRSYSW.PRG
Called from AGUIAS(0)
Called from TC5REPORT:PAINT(1553)
Called from (b)TC5REPORT(97) in .\FONTS\C5REPORT.PRG
Called from TC5REPORT:DISPLAY(0)
Called from TCONTROL:HANDLEEVENT(1424)
Called from TC5REPORT:HANDLEEVENT(781)
Called from _FWH(3332) in .\source\classes\WINDOW.PRG
Called from SYSREFRESH(0)
Called from TDIALOG:END(530)
Called from (b)ERRORDIALOG(326) in .\source\function\ERRSYSW.PRG
Called from TBUTTON:CLICK(177)
Called from TBUTTON:HANDLEEVENT(1412)
Called from _FWH(3332) in .\source\classes\WINDOW.PRG
Called from SENDMESSAGE(0)
Called from TDIALOG:COMMAND(407)
Called from TWINDOW:HANDLEEVENT(0)
Called from TDIALOG:HANDLEEVENT(922)
Called from DIALOGBOXINDIRECT(0)
Called from TDIALOG:ACTIVATE(273)
Called from ERRORDIALOG(343) in .\source\function\ERRSYSW.PRG
Called from (b)ERRORSYS(27) in .\source\function\ERRSYSW.PRG
Called from AGUIAS(0)
Called from TC5REPORT:PAINT(1553)
Called from (b)TC5REPORT(97) in .\FONTS\C5REPORT.PRG
Called from TC5REPORT:DISPLAY(0)
Called from TCONTROL:HANDLEEVENT(1424)
Called from TC5REPORT:HANDLEEVENT(781)
Called from _FWH(3332) in .\source\classes\WINDOW.PRG
Called from SYSREFRESH(0)
Called from TDIALOG:END(530)
Called from (b)ERRORDIALOG(326) in .\source\function\ERRSYSW.PRG
Called from TBUTTON:CLICK(177)
Called from TBUTTON:HANDLEEVENT(1412)
Called from _FWH(3332) in .\source\classes\WINDOW.PRG
Called from SENDMESSAGE(0)
Called from TDIALOG:COMMAND(407)
Called from TWINDOW:HANDLEEVENT(0)
Called from TDIALOG:HANDLEEVENT(922)
Called from DIALOGBOXINDIRECT(0)
Called from TDIALOG:ACTIVATE(273)
Called from ERRORDIALOG(343) in .\source\function\ERRSYSW.PRG
Called from (b)ERRORSYS(27) in .\source\function\ERRSYSW.PRG
Called from AGUIAS(0)
Called from TC5REPORT:PAINT(1553)
Called from (b)TC5REPORT(97) in .\FONTS\C5REPORT.PRG
Called from TC5REPORT:DISPLAY(0)
Called from TCONTROL:HANDLEEVENT(1424)
Called from TC5REPORT:HANDLEEVENT(781)
Called from _FWH(3332) in .\source\classes\WINDOW.PRG
Called from DIALOGBOXINDIRECT(0)
Called from TDIALOG:ACTIVATE(273)
Called from ERRORDIALOG(343) in .\source\function\ERRSYSW.PRG
Called from (b)ERRORSYS(27) in .\source\function\ERRSYSW.PRG
Called from AGUIAS(0)
Called from TC5REPORT:PAINT(1553)
Called from (b)TC5REPORT(97) in .\FONTS\C5REPORT.PRG
Called from TC5REPORT:DISPLAY(0)
Called from TCONTROL:HANDLEEVENT(1424)
Called from TC5REPORT:HANDLEEVENT(781)
Called from _FWH(3332) in .\source\classes\WINDOW.PRG
Called from DIALOGBOXINDIRECT(0)
Called from TDIALOG:ACTIVATE(273)
Called from ERRORDIALOG(343) in .\source\function\ERRSYSW.PRG
Called from (b)ERRORSYS(27) in .\source\function\ERRSYSW.PRG
Called from NHEIGHT(0)
Called from (b)MAIN(195) in .\FONTS\PRUEBA.PRG
Called from TPANELEX:RESIZE(2086)
Called from TWINDOW:HANDLEEVENT(0)
Called from TPANEL:HANDLEEVENT(1454)
Called from TPANELEX:HANDLEEVENT(101)
Called from _FWH(3332) in .\source\classes\WINDOW.PRG
Called from WNDSETSIZE(0)
Called from (b)TWINDOW(579) in .\source\classes\WINDOW.PRG
Called from TPANELEX:SETSIZE(0)
Called from (b)MAIN(219) in .\FONTS\PRUEBA.PRG
Called from TWINDOW:RESIZE(2086)
Called from TWINDOW:HANDLEEVENT(0)
Called from _FWH(3332) in .\source\classes\WINDOW.PRG
Called from SHOWWINDOW(0)
Called from TWINDOW:ACTIVATE(935)
Called from MAIN(236) in .\FONTS\PRUEBA.PRG
------------------------------------------------------------------------
Application Exception - E:\HAL\Disseny\Report\Prueba.exe
Terminated at: 2010.02.10 16:39:59

    Exception Code:C0000005
    Exception Address:00414DF8
    EAX:00000000  EBX:0058DCC8  ECX:00000001  EDX:00000001
    ESI:0058DCC4  EDI:0206BD58 EBP:0012F044
    CS:EIP:001B:00414DF8  SS:ESP:0023:0012F03C
    DS:0023  ES:0023  FS:003B  GS:0000
    Flags:00010246
    CS:EIP: 83 38 00 0F 84 AD 02 00 00 8B 16 8A 4A 06 49 88
    SS:ESP: 00000000 004CEA38 0012F070 00453B4C 00000097 00000000 0058FE1C 00000070 0000004E 00000000 00000000 00000000 00000000 0012F174 0044DC2E 00000003

    C stack:
    EIP:     EBP:       Frame: OldEBP, RetAddr, Params...
    00414DF8 0012F044   0012F070 00453B4C 00000097 00000000 0058FE1C 00000070 0000004E 00000000 00000000 00000000
    00453B4C 0012F070   0012F174 0044DC2E 00000003 0206BC78 00000000 004CE928 00000168 0012F044 0058FE2C 0012F134
    0044DC2E 0012F174   0012F1AC 004044D4 004D0115 004CE328 00453B4C 0000008B 00000000 0058FE1C 00000065 0000004E
    004044D4 0012F1AC   0012F2B0 0044DC2E 00000002 0206BB18 00000000 004CE638 0000004C 00000020 00000000 00000018
    0044DC2E 0012F2B0   0012F2E8 004044AC 004CFF78 004CE328 00453B4C 000000B6 00000000 0058FE1C 00000056 00000052
    004044AC 0012F2E8   0012F3EC 0044DC2E 00000001 0206B938 004D1810 004CE3B8 7E3A8EA0 00000000 0042A564 0002027A
    0044DC2E 0012F3EC   0012F424 004043F8 004CF00E 004CE328 00453C53 00000666 00000000 0058FE1C 00000046 00000052
    004043F8 0012F424   0012F528 0044DCEA 00000001 0206B738 004D1810 004D1A20 7E3A8EA0 0206B7F8 00000006 00020266
    0044DCEA 0012F528   0012F560 004048D8 004D7C3C 004D1630 00453C53 0000000D 00000000 0058FE1C 00000043 00000052
    004048D8 0012F560   0012F664 0044DCEA 00000000 0058FE1C FFFFFFFF 0206B6D8 0206B6D8 00000003 004C09C0 005538B0
    0044DCEA 0012F664   0012F674 00447AE6 004D4151 004D1630
    00447AE6 0012F674   0012F6B4 00453DC8 0206B6D8 0206B6D8 00586DD0 00586DD0 00453C53 02177C28 00560001 00120001
    00453DC8 0012F6B4   0012F6F4 0044686A 00560001 0206B698 00564540 00586238 00453C53 00000095 00000000 0058FE1C
    0044686A 0012F6F4   0012F7F8 0044DCEA 00000000 0206B5B8 004D24D0 00563770 00000000 0111001B 011B0532 0012F72C
    0044DCEA 0012F7F8   0012F808 00411C20 00567C59 00563450
    00411C20 0012F808   0012F834 00453C53 0000002C 00000000 0058FE1C 00000034 00000119 00000000 00F9000A 00000590
    00453C53 0012F834   0012F938 0044DCEA 00000003 0206B4F8 00555680 004D1890 000000F9 0012F8A4 0012F884 0012F86C
    0044DCEA 0012F938   0012F970 004047E8 004D6249 004D1630 00453C53 00000039 00000000 0058FE1C 0000002C 00000119
    004047E8 0012F970   0012FA74 0044DCEA 00000003 0206B3F8 00000000 00555670 0217006C 00000018 02174A48 0012F9A8
    0044DCEA 0012FA74   0012FA84 00411468 0055CD1B 00553570

Called from CALLDLL(0)
Called from FIGETFILETYPE(438) in .\FONTS\BMPITEM.PRG
Called from C5FILOADIMG(369) in .\FONTS\BMPITEM.PRG
Called from TC5RPTITEMIMG:PAINT(96)
Called from TC5REPORT:PAINT(1519)
Called from (b)TC5REPORT(97) in .\FONTS\C5REPORT.PRG
Called from TC5REPORT:DISPLAY(0)
Called from TCONTROL:HANDLEEVENT(1424)
Called from TC5REPORT:HANDLEEVENT(775)
Called from _FWH(3332) in .\source\classes\WINDOW.PRG
Called from WINRUN(0)
Called from TWINDOW:ACTIVATE(952)
Called from MAIN(236) in .\FONTS\PRUEBA.PRG
------------------------------------------------------------------------
Application Internal Error - C:\HAL\DISSENY\REPORT\PRUEBA.EXE
Terminated at: 2010.06.02 11:42:57
Unrecoverable error 6005: Exception error: 

    Exception Code:C0000005
    Exception Address:00405EA0
    EAX:00000104  EBX:59010894  ECX:00000001  EDX:00000001
    ESI:00000000  EDI:004D877E  EBP:0012F480
    CS:EIP:001B:00405EA0  SS:ESP:0023:0012F480
    DS:0023  ES:0023  FS:003B  GS:0000
    Flags:00010202
    CS:EIP: 8B 10 0F B7 4A 0E 83 F9 03 7E 1D 6A 03 E8 76 11
    SS:ESP: 00465A48 004D877E 00000000 005B36D8 0012F4BC 004D877E 00000000 004D5E9C 004744B5 005B36D8 00000041 00000000 020BF1A0 00000000 00000000 0012F5C8

    C stack:
    EIP:     EBP:       Frame: OldEBP, RetAddr, Params...
    00405EA0 0012F480   00465A48 004D877E 00000000 005B36D8 0012F4BC 004D877E 00000000 004D5E9C 004744B5 005B36D8


Modules:
0x00400000 0x001E5000 C:\HAL\DISSENY\REPORT\PRUEBA.EXE
0x7C910000 0x000B5000 C:\WINDOWS\system32\ntdll.dll
0x7C800000 0x00103000 C:\WINDOWS\system32\kernel32.dll
0x77DA0000 0x000AC000 C:\WINDOWS\system32\ADVAPI32.DLL
0x77E50000 0x00092000 C:\WINDOWS\system32\RPCRT4.dll
0x77FC0000 0x00011000 C:\WINDOWS\system32\Secur32.dll
0x72F80000 0x00026000 C:\WINDOWS\system32\WINSPOOL.DRV
0x77EF0000 0x00049000 C:\WINDOWS\system32\GDI32.dll
0x7E390000 0x00091000 C:\WINDOWS\system32\USER32.dll
0x77BE0000 0x00058000 C:\WINDOWS\system32\msvcrt.dll
0x773A0000 0x00103000 C:\WINDOWS\WinSxS\X86_Microsoft.Windows.Common-Controls_6595b64144ccf1df_6.0.2600.5512_x-ww_35d4ce83\COMCTL32.DLL
0x77F40000 0x00076000 C:\WINDOWS\system32\SHLWAPI.dll
0x76360000 0x00056000 C:\WINDOWS\system32\COMDLG32.DLL
0x005F0000 0x01572000 C:\WINDOWS\system32\SHELL32.dll
0x76330000 0x00005000 C:\WINDOWS\system32\MSIMG32.DLL
0x76340000 0x0001D000 C:\WINDOWS\system32\IMM32.DLL
0x5B150000 0x00038000 C:\WINDOWS\system32\uxtheme.dll
0x746B0000 0x0004C000 C:\WINDOWS\system32\MSCTF.dll
0x75160000 0x0002E000 C:\WINDOWS\system32\msctfime.ime
0x774B0000 0x0013D000 C:\WINDOWS\system32\ole32.dll

Called from BOX(0)
Called from TC5STBAR:PAINT(830) in .\FONTS\C5STBAR.PRG
Called from (b)TC5STBAR(109) in .\FONTS\C5STBAR.PRG
Called from TC5STBAR:DISPLAY(0) in .\FONTS\C5STBAR.PRG
Called from TCONTROL:HANDLEEVENT(1421) in .\source\classes\CONTROL.PRG
Called from TC5STBAR:HANDLEEVENT(919) in .\FONTS\C5STBAR.PRG
Called from _FWH(3333) in .\source\classes\WINDOW.PRG
Called from UPDATEWINDOW(0)
Called from TWINDOW:ACTIVATE(936) in .\source\classes\WINDOW.PRG
Called from MAIN(236) in .\FONTS\PRUEBA.PRG
------------------------------------------------------------------------
Application Internal Error - C:\HAL\DISSENY\REPORT\PRUEBA.EXE
Terminated at: 2010.06.02 11:43:12
Unrecoverable error 6005: Exception error: 

    Exception Code:C0000005
    Exception Address:00405EA0
    EAX:00000104  EBX:34010868  ECX:00000001  EDX:00000001
    ESI:00000000  EDI:004D877E  EBP:0012F480
    CS:EIP:001B:00405EA0  SS:ESP:0023:0012F480
    DS:0023  ES:0023  FS:003B  GS:0000
    Flags:00010202
    CS:EIP: 8B 10 0F B7 4A 0E 83 F9 03 7E 1D 6A 03 E8 76 11
    SS:ESP: 00465A48 004D877E 00000000 005B36D8 0012F4BC 004D877E 00000000 004D5E9C 004744B5 005B36D8 00000041 00000000 020BF1A0 00000000 00000000 0012F5C8

    C stack:
    EIP:     EBP:       Frame: OldEBP, RetAddr, Params...
    00405EA0 0012F480   00465A48 004D877E 00000000 005B36D8 0012F4BC 004D877E 00000000 004D5E9C 004744B5 005B36D8


Modules:
0x00400000 0x001E5000 C:\HAL\DISSENY\REPORT\PRUEBA.EXE
0x7C910000 0x000B5000 C:\WINDOWS\system32\ntdll.dll
0x7C800000 0x00103000 C:\WINDOWS\system32\kernel32.dll
0x77DA0000 0x000AC000 C:\WINDOWS\system32\ADVAPI32.DLL
0x77E50000 0x00092000 C:\WINDOWS\system32\RPCRT4.dll
0x77FC0000 0x00011000 C:\WINDOWS\system32\Secur32.dll
0x72F80000 0x00026000 C:\WINDOWS\system32\WINSPOOL.DRV
0x77EF0000 0x00049000 C:\WINDOWS\system32\GDI32.dll
0x7E390000 0x00091000 C:\WINDOWS\system32\USER32.dll
0x77BE0000 0x00058000 C:\WINDOWS\system32\msvcrt.dll
0x773A0000 0x00103000 C:\WINDOWS\WinSxS\X86_Microsoft.Windows.Common-Controls_6595b64144ccf1df_6.0.2600.5512_x-ww_35d4ce83\COMCTL32.DLL
0x77F40000 0x00076000 C:\WINDOWS\system32\SHLWAPI.dll
0x76360000 0x00056000 C:\WINDOWS\system32\COMDLG32.DLL
0x005F0000 0x01572000 C:\WINDOWS\system32\SHELL32.dll
0x76330000 0x00005000 C:\WINDOWS\system32\MSIMG32.DLL
0x76340000 0x0001D000 C:\WINDOWS\system32\IMM32.DLL
0x5B150000 0x00038000 C:\WINDOWS\system32\uxtheme.dll
0x746B0000 0x0004C000 C:\WINDOWS\system32\MSCTF.dll
0x75160000 0x0002E000 C:\WINDOWS\system32\msctfime.ime
0x774B0000 0x0013D000 C:\WINDOWS\system32\ole32.dll

Called from BOX(0)
Called from TC5STBAR:PAINT(830) in .\FONTS\C5STBAR.PRG
Called from (b)TC5STBAR(109) in .\FONTS\C5STBAR.PRG
Called from TC5STBAR:DISPLAY(0) in .\FONTS\C5STBAR.PRG
Called from TCONTROL:HANDLEEVENT(1421) in .\source\classes\CONTROL.PRG
Called from TC5STBAR:HANDLEEVENT(919) in .\FONTS\C5STBAR.PRG
Called from _FWH(3333) in .\source\classes\WINDOW.PRG
Called from UPDATEWINDOW(0)
Called from TWINDOW:ACTIVATE(936) in .\source\classes\WINDOW.PRG
Called from MAIN(236) in .\FONTS\PRUEBA.PRG
------------------------------------------------------------------------
Application Internal Error - C:\HAL\DISSENY\REPORT\PRUEBA.EXE
Terminated at: 2010.06.02 11:46:37
Unrecoverable error 6005: Exception error: 

    Exception Code:C0000005
    Exception Address:00405EA0
    EAX:00000104  EBX:5F01088E  ECX:00000001  EDX:00000001
    ESI:00000000  EDI:004D877E  EBP:0012F480
    CS:EIP:001B:00405EA0  SS:ESP:0023:0012F480
    DS:0023  ES:0023  FS:003B  GS:0000
    Flags:00010202
    CS:EIP: 8B 10 0F B7 4A 0E 83 F9 03 7E 1D 6A 03 E8 76 11
    SS:ESP: 00465A48 004D877E 00000000 005B36D8 0012F4BC 004D877E 00000000 004D5E9C 004744B5 005B36D8 00000041 00000000 020BF1A0 00000000 00000000 0012F5C8

    C stack:
    EIP:     EBP:       Frame: OldEBP, RetAddr, Params...
    00405EA0 0012F480   00465A48 004D877E 00000000 005B36D8 0012F4BC 004D877E 00000000 004D5E9C 004744B5 005B36D8


Modules:
0x00400000 0x001E5000 C:\HAL\DISSENY\REPORT\PRUEBA.EXE
0x7C910000 0x000B5000 C:\WINDOWS\system32\ntdll.dll
0x7C800000 0x00103000 C:\WINDOWS\system32\kernel32.dll
0x77DA0000 0x000AC000 C:\WINDOWS\system32\ADVAPI32.DLL
0x77E50000 0x00092000 C:\WINDOWS\system32\RPCRT4.dll
0x77FC0000 0x00011000 C:\WINDOWS\system32\Secur32.dll
0x72F80000 0x00026000 C:\WINDOWS\system32\WINSPOOL.DRV
0x77EF0000 0x00049000 C:\WINDOWS\system32\GDI32.dll
0x7E390000 0x00091000 C:\WINDOWS\system32\USER32.dll
0x77BE0000 0x00058000 C:\WINDOWS\system32\msvcrt.dll
0x773A0000 0x00103000 C:\WINDOWS\WinSxS\X86_Microsoft.Windows.Common-Controls_6595b64144ccf1df_6.0.2600.5512_x-ww_35d4ce83\COMCTL32.DLL
0x77F40000 0x00076000 C:\WINDOWS\system32\SHLWAPI.dll
0x76360000 0x00056000 C:\WINDOWS\system32\COMDLG32.DLL
0x005F0000 0x01572000 C:\WINDOWS\system32\SHELL32.dll
0x76330000 0x00005000 C:\WINDOWS\system32\MSIMG32.DLL
0x76340000 0x0001D000 C:\WINDOWS\system32\IMM32.DLL
0x5B150000 0x00038000 C:\WINDOWS\system32\uxtheme.dll
0x746B0000 0x0004C000 C:\WINDOWS\system32\MSCTF.dll
0x75160000 0x0002E000 C:\WINDOWS\system32\msctfime.ime
0x774B0000 0x0013D000 C:\WINDOWS\system32\ole32.dll

Called from BOX(0)
Called from TC5STBAR:PAINT(830) in .\FONTS\C5STBAR.PRG
Called from (b)TC5STBAR(109) in .\FONTS\C5STBAR.PRG
Called from TC5STBAR:DISPLAY(0) in .\FONTS\C5STBAR.PRG
Called from TCONTROL:HANDLEEVENT(1421) in .\source\classes\CONTROL.PRG
Called from TC5STBAR:HANDLEEVENT(919) in .\FONTS\C5STBAR.PRG
Called from _FWH(3333) in .\source\classes\WINDOW.PRG
Called from UPDATEWINDOW(0)
Called from TWINDOW:ACTIVATE(936) in .\source\classes\WINDOW.PRG
Called from MAIN(236) in .\FONTS\PRUEBA.PRG
------------------------------------------------------------------------
